<?xml version="1.0" encoding="UTF-8"?>
<!-- Generated by org.testng.reporters.JUnitXMLReporter -->
<testsuite ignored="13" hostname="DESKTOP-1R9NJEN" failures="0" tests="1" name="Default test" time="9.316" errors="0" timestamp="2023-12-19T15:23:47 IST">
  <testcase classname="First_Framework.TestCases" name="verifyPricesOfProductsAreAsPerTheSelectedRange" time="3.77"/>
  <testcase classname="First_Framework.TestCases" name="verifyInteractivityOfPromotionalBanners" time="0.0">
    <ignored/>
  </testcase> <!-- verifyInteractivityOfPromotionalBanners -->
  <testcase classname="First_Framework.TestCases" name="verifyIfAProductHasAppropriateSizeGuide" time="0.0">
    <ignored/>
  </testcase> <!-- verifyIfAProductHasAppropriateSizeGuide -->
  <testcase classname="First_Framework.TestCases" name="verifyGiftCardAppearanceAsPerSelectedTopic" time="0.0">
    <ignored/>
  </testcase> <!-- verifyGiftCardAppearanceAsPerSelectedTopic -->
  <testcase classname="First_Framework.TestCases" name="verifyIfFaqHasRelevantPhonpeQuestions" time="0.0">
    <ignored/>
  </testcase> <!-- verifyIfFaqHasRelevantPhonpeQuestions -->
  <testcase classname="First_Framework.TestCases" name="verifyTitleOfTheProductIsCorrectInTheCart" time="0.0">
    <ignored/>
  </testcase> <!-- verifyTitleOfTheProductIsCorrectInTheCart -->
  <testcase classname="First_Framework.TestCases" name="verifyProductBrandNamesAreAsPerSelectedCheckbox" time="0.0">
    <ignored/>
  </testcase> <!-- verifyProductBrandNamesAreAsPerSelectedCheckbox -->
  <testcase classname="First_Framework.TestCases" name="verifyIfItsRedirectingToYoutubePageAfterClickingOnYoutubeIcon" time="0.0">
    <ignored/>
  </testcase> <!-- verifyIfItsRedirectingToYoutubePageAfterClickingOnYoutubeIcon -->
  <testcase classname="First_Framework.TestCases" name="verifyLowToHighPriceSelectionFunctionality" time="0.0">
    <ignored/>
  </testcase> <!-- verifyLowToHighPriceSelectionFunctionality -->
  <testcase classname="First_Framework.TestCases" name="verifyInstagramPageInteraction" time="0.0">
    <ignored/>
  </testcase> <!-- verifyInstagramPageInteraction -->
  <testcase classname="First_Framework.TestCases" name="VerifyFunctionalityOfBreadCrumbNavigation" time="0.0">
    <ignored/>
  </testcase> <!-- VerifyFunctionalityOfBreadCrumbNavigation -->
  <testcase classname="First_Framework.TestCases" name="verifyIfProductIsGettingAddedToTheCart" time="0.0">
    <ignored/>
  </testcase> <!-- verifyIfProductIsGettingAddedToTheCart -->
  <testcase classname="First_Framework.TestCases" name="VerifyPresenceOfProductDeatilsForASingleProduct" time="0.0">
    <ignored/>
  </testcase> <!-- VerifyPresenceOfProductDeatilsForASingleProduct -->
  <testcase classname="First_Framework.TestCases" name="verifyIfBlogContentLinksAreAccessible" time="0.0">
    <ignored/>
  </testcase> <!-- verifyIfBlogContentLinksAreAccessible -->
</testsuite> <!-- Default test -->
