<?xml version="1.0" encoding="UTF-8"?>
<testng-results ignored="0" total="1" passed="1" failed="0" skipped="0">
  <reporter-output>
  </reporter-output>
  <suite started-at="2023-12-19T15:23:38 IST" name="Default suite" finished-at="2023-12-19T15:23:47 IST" duration-ms="9316">
    <groups>
    </groups>
    <test started-at="2023-12-19T15:23:38 IST" name="Default test" finished-at="2023-12-19T15:23:47 IST" duration-ms="9316">
      <class name="First_Framework.TestCases">
        <test-method is-config="true" signature="setpUp()[pri:0, instance:First_Framework.TestCases@4331d187]" started-at="2023-12-19T15:23:38 IST" name="setpUp" finished-at="2023-12-19T15:23:43 IST" duration-ms="5113" status="PASS">
          <reporter-output>
          </reporter-output>
        </test-method> <!-- setpUp -->
        <test-method signature="verifyPricesOfProductsAreAsPerTheSelectedRange()[pri:0, instance:First_Framework.TestCases@4331d187]" started-at="2023-12-19T15:23:43 IST" name="verifyPricesOfProductsAreAsPerTheSelectedRange" finished-at="2023-12-19T15:23:47 IST" duration-ms="3770" status="PASS">
          <reporter-output>
          </reporter-output>
        </test-method> <!-- verifyPricesOfProductsAreAsPerTheSelectedRange -->
        <test-method is-config="true" signature="tearDown()[pri:0, instance:First_Framework.TestCases@4331d187]" started-at="2023-12-19T15:23:47 IST" name="tearDown" finished-at="2023-12-19T15:23:47 IST" duration-ms="254" status="PASS">
          <reporter-output>
          </reporter-output>
        </test-method> <!-- tearDown -->
      </class> <!-- First_Framework.TestCases -->
    </test> <!-- Default test -->
  </suite> <!-- Default suite -->
</testng-results>
